SF:lib/main.dart
DA:8,0
DA:9,0
DA:13,4
DA:15,2
DA:17,2
DA:19,2
DA:21,2
DA:29,2
DA:31,2
DA:32,2
DA:38,1
DA:39,2
DA:40,2
DA:42,3
DA:43,1
DA:44,3
DA:50,2
DA:52,2
DA:53,2
DA:57,2
DA:59,2
DA:66,4
DA:67,2
DA:68,4
DA:69,2
DA:71,2
LF:26
LH:24
end_of_record
SF:lib/data/menu_data.dart
DA:5,6
DA:6,2
DA:13,2
DA:20,2
DA:27,2
DA:34,2
DA:41,2
LF:7
LH:7
end_of_record
SF:lib/models/menu_item.dart
DA:9,2
LF:1
LH:1
end_of_record
SF:lib/widgets/menu_card.dart
DA:10,2
DA:16,2
DA:18,2
DA:20,2
DA:21,2
DA:23,2
DA:25,2
DA:27,2
DA:28,2
DA:29,2
DA:30,2
DA:31,4
DA:33,1
DA:40,2
DA:41,4
DA:48,2
DA:49,4
DA:50,2
DA:52,2
DA:58,2
DA:60,2
DA:61,2
DA:62,8
DA:69,2
DA:70,2
LF:25
LH:25
end_of_record
