SF:lib/models/cart.dart
DA:6,6
DA:8,4
DA:9,28
DA:12,5
DA:13,22
DA:14,10
DA:15,4
DA:16,6
DA:17,2
DA:19,20
DA:23,0
DA:24,0
DA:25,0
DA:26,0
DA:27,0
DA:28,0
DA:33,0
DA:34,0
DA:35,0
DA:36,0
DA:37,0
DA:38,0
DA:39,0
DA:42,0
DA:48,4
DA:49,28
DA:52,3
DA:53,6
LF:28
LH:14
end_of_record
SF:lib/models/cart_item.dart
DA:7,6
LF:1
LH:1
end_of_record
SF:lib/main.dart
DA:11,0
DA:12,0
DA:20,1
DA:22,2
DA:24,2
DA:26,2
DA:45,2
DA:48,2
DA:49,2
DA:52,2
DA:53,2
DA:56,2
DA:57,2
DA:65,2
DA:73,1
DA:75,2
DA:76,2
DA:82,2
DA:84,2
DA:86,4
DA:87,2
DA:88,7
DA:90,2
DA:91,2
DA:94,2
DA:95,2
DA:97,0
DA:103,2
DA:104,2
DA:106,2
DA:109,2
DA:116,2
DA:119,2
DA:121,2
DA:122,6
DA:124,2
DA:125,2
DA:126,4
DA:127,1
DA:129,2
DA:130,1
DA:139,2
DA:142,2
DA:143,2
DA:144,2
DA:145,2
DA:147,2
DA:149,2
DA:156,2
DA:157,2
DA:158,2
DA:159,2
LF:52
LH:49
end_of_record
SF:lib/models/menu_item.dart
DA:10,5
LF:1
LH:1
end_of_record
SF:lib/widgets/menu_card.dart
DA:13,2
DA:19,2
DA:21,2
DA:22,2
DA:24,2
DA:25,2
DA:27,2
DA:29,2
DA:30,4
DA:32,1
DA:33,1
DA:34,1
DA:45,2
DA:47,2
DA:49,2
DA:52,2
DA:53,2
DA:55,2
DA:56,2
DA:57,4
DA:58,8
DA:65,2
DA:66,4
DA:67,8
DA:76,2
DA:79,2
DA:80,2
DA:81,8
DA:82,8
DA:88,2
DA:89,2
DA:90,4
DA:94,9
DA:99,2
DA:100,1
DA:102,1
DA:103,1
DA:108,0
DA:109,0
DA:112,1
DA:114,7
DA:116,1
DA:121,0
DA:127,0
DA:129,0
DA:131,0
DA:138,2
DA:139,1
DA:140,5
DA:142,2
LF:50
LH:44
end_of_record
SF:lib/data/menu_data.dart
DA:5,6
DA:6,2
DA:14,2
DA:22,2
DA:30,2
DA:38,2
DA:46,2
DA:54,2
DA:62,2
DA:70,2
LF:10
LH:10
end_of_record
SF:lib/widgets/cart_view.dart
DA:7,2
DA:9,3
DA:11,6
DA:13,6
DA:17,2
DA:20,6
DA:21,2
DA:23,2
DA:24,2
DA:26,8
DA:29,2
DA:30,2
DA:31,4
DA:32,2
DA:33,6
DA:38,2
DA:39,6
DA:40,6
DA:44,2
DA:45,1
DA:46,4
DA:48,2
LF:22
LH:22
end_of_record
SF:lib/providers/cart_provider.dart
DA:11,15
DA:13,4
DA:14,4
DA:15,4
DA:16,4
DA:17,4
DA:19,12
DA:22,0
DA:23,0
DA:26,0
DA:27,0
DA:30,3
DA:31,9
DA:34,1
DA:35,3
DA:38,1
DA:39,3
DA:44,3
DA:48,1
DA:52,0
DA:59,20
DA:60,10
DA:61,5
LF:23
LH:18
end_of_record
SF:lib/widgets/cart_item_card.dart
DA:9,6
DA:11,3
DA:13,3
DA:15,3
DA:16,9
DA:17,21
DA:18,3
DA:20,3
DA:21,3
DA:23,0
DA:24,0
DA:27,3
DA:29,12
DA:31,3
DA:33,0
DA:34,0
DA:37,3
DA:39,2
DA:40,12
LF:19
LH:15
end_of_record
SF:lib/data/datasources/mock_order_data_source.dart
DA:5,1
DA:8,1
DA:9,1
DA:10,1
DA:11,1
LF:5
LH:5
end_of_record
SF:lib/data/datasources/remote_order_data_source.dart
DA:10,0
DA:12,0
DA:16,0
DA:17,0
DA:36,0
LF:5
LH:0
end_of_record
SF:lib/data/repositories/order_repository_impl.dart
DA:8,5
DA:10,1
DA:12,2
LF:3
LH:3
end_of_record
SF:lib/domain/usecases/place_order_use_case.dart
DA:7,5
DA:9,1
DA:10,2
LF:3
LH:3
end_of_record
SF:lib/providers/order_providers.dart
DA:14,0
DA:18,20
DA:20,5
DA:22,0
DA:23,0
DA:28,20
DA:29,10
DA:30,5
DA:34,20
DA:35,10
DA:36,5
LF:11
LH:8
end_of_record
